2023-08-15 16:17:37 error: uncaughtException: Cannot read properties of undefined (reading 'forEach')
TypeError: Cannot read properties of undefined (reading 'forEach')
    at App.initializeRoutes (/Users/giuseppe.agostini/Documents/pessoal/tcc-connect-server/src/app.ts:67:12)
    at new App (/Users/giuseppe.agostini/Documents/pessoal/tcc-connect-server/src/app.ts:29:10)
    at Object.<anonymous> (/Users/giuseppe.agostini/Documents/pessoal/tcc-connect-server/src/server.ts:12:13)
    at Module._compile (node:internal/modules/cjs/loader:1120:14)
    at Module.m._compile (/Users/giuseppe.agostini/Documents/pessoal/tcc-connect-server/node_modules/ts-node/src/index.ts:1618:23)
    at Module._extensions..js (node:internal/modules/cjs/loader:1174:10)
    at Object.require.extensions.<computed> [as .ts] (/Users/giuseppe.agostini/Documents/pessoal/tcc-connect-server/node_modules/ts-node/src/index.ts:1621:12)
    at Module.load (node:internal/modules/cjs/loader:998:32)
    at Function.Module._load (node:internal/modules/cjs/loader:839:12)
    at Function.executeUserEntryPoint [as runMain] (node:internal/modules/run_main:81:12)
2023-08-15 16:17:37 error: uncaughtException: Unable to parse undefined:undefined with URL
MongoRuntimeError: Unable to parse undefined:undefined with URL
    at new HostAddress (/Users/giuseppe.agostini/Documents/pessoal/tcc-connect-server/node_modules/mongodb/src/utils.ts:1096:28)
    at fromString (/Users/giuseppe.agostini/Documents/pessoal/tcc-connect-server/node_modules/mongodb/src/utils.ts:1145:12)
    at Array.map (<anonymous>)
    at parseOptions (/Users/giuseppe.agostini/Documents/pessoal/tcc-connect-server/node_modules/mongodb/src/connection_string.ts:257:43)
    at new MongoClient (/Users/giuseppe.agostini/Documents/pessoal/tcc-connect-server/node_modules/mongodb/src/mongo_client.ts:356:34)
    at /Users/giuseppe.agostini/Documents/pessoal/tcc-connect-server/node_modules/mongoose/lib/connection.js:802:16
    at new Promise (<anonymous>)
    at NativeConnection.Connection.openUri (/Users/giuseppe.agostini/Documents/pessoal/tcc-connect-server/node_modules/mongoose/lib/connection.js:799:19)
    at /Users/giuseppe.agostini/Documents/pessoal/tcc-connect-server/node_modules/mongoose/lib/index.js:414:10
    at /Users/giuseppe.agostini/Documents/pessoal/tcc-connect-server/node_modules/mongoose/lib/helpers/promiseOrCallback.js:41:5
2023-08-15 16:17:48 error: uncaughtException: Cannot read properties of undefined (reading 'forEach')
TypeError: Cannot read properties of undefined (reading 'forEach')
    at App.initializeRoutes (/Users/giuseppe.agostini/Documents/pessoal/tcc-connect-server/src/app.ts:67:12)
    at new App (/Users/giuseppe.agostini/Documents/pessoal/tcc-connect-server/src/app.ts:29:10)
    at Object.<anonymous> (/Users/giuseppe.agostini/Documents/pessoal/tcc-connect-server/src/server.ts:12:13)
    at Module._compile (node:internal/modules/cjs/loader:1120:14)
    at Module.m._compile (/Users/giuseppe.agostini/Documents/pessoal/tcc-connect-server/node_modules/ts-node/src/index.ts:1618:23)
    at Module._extensions..js (node:internal/modules/cjs/loader:1174:10)
    at Object.require.extensions.<computed> [as .ts] (/Users/giuseppe.agostini/Documents/pessoal/tcc-connect-server/node_modules/ts-node/src/index.ts:1621:12)
    at Module.load (node:internal/modules/cjs/loader:998:32)
    at Function.Module._load (node:internal/modules/cjs/loader:839:12)
    at Function.executeUserEntryPoint [as runMain] (node:internal/modules/run_main:81:12)
2023-08-15 16:17:48 error: uncaughtException: Unable to parse undefined:undefined with URL
MongoRuntimeError: Unable to parse undefined:undefined with URL
    at new HostAddress (/Users/giuseppe.agostini/Documents/pessoal/tcc-connect-server/node_modules/mongodb/src/utils.ts:1096:28)
    at fromString (/Users/giuseppe.agostini/Documents/pessoal/tcc-connect-server/node_modules/mongodb/src/utils.ts:1145:12)
    at Array.map (<anonymous>)
    at parseOptions (/Users/giuseppe.agostini/Documents/pessoal/tcc-connect-server/node_modules/mongodb/src/connection_string.ts:257:43)
    at new MongoClient (/Users/giuseppe.agostini/Documents/pessoal/tcc-connect-server/node_modules/mongodb/src/mongo_client.ts:356:34)
    at /Users/giuseppe.agostini/Documents/pessoal/tcc-connect-server/node_modules/mongoose/lib/connection.js:802:16
    at new Promise (<anonymous>)
    at NativeConnection.Connection.openUri (/Users/giuseppe.agostini/Documents/pessoal/tcc-connect-server/node_modules/mongoose/lib/connection.js:799:19)
    at /Users/giuseppe.agostini/Documents/pessoal/tcc-connect-server/node_modules/mongoose/lib/index.js:414:10
    at /Users/giuseppe.agostini/Documents/pessoal/tcc-connect-server/node_modules/mongoose/lib/helpers/promiseOrCallback.js:41:5
2023-08-15 16:18:19 error: uncaughtException: Cannot read properties of undefined (reading 'forEach')
TypeError: Cannot read properties of undefined (reading 'forEach')
    at App.initializeRoutes (/Users/giuseppe.agostini/Documents/pessoal/tcc-connect-server/src/app.ts:65:12)
    at new App (/Users/giuseppe.agostini/Documents/pessoal/tcc-connect-server/src/app.ts:28:10)
    at Object.<anonymous> (/Users/giuseppe.agostini/Documents/pessoal/tcc-connect-server/src/server.ts:12:13)
    at Module._compile (node:internal/modules/cjs/loader:1120:14)
    at Module.m._compile (/Users/giuseppe.agostini/Documents/pessoal/tcc-connect-server/node_modules/ts-node/src/index.ts:1618:23)
    at Module._extensions..js (node:internal/modules/cjs/loader:1174:10)
    at Object.require.extensions.<computed> [as .ts] (/Users/giuseppe.agostini/Documents/pessoal/tcc-connect-server/node_modules/ts-node/src/index.ts:1621:12)
    at Module.load (node:internal/modules/cjs/loader:998:32)
    at Function.Module._load (node:internal/modules/cjs/loader:839:12)
    at Function.executeUserEntryPoint [as runMain] (node:internal/modules/run_main:81:12)
2023-08-15 16:18:19 error: uncaughtException: Unable to parse undefined:undefined with URL
MongoRuntimeError: Unable to parse undefined:undefined with URL
    at new HostAddress (/Users/giuseppe.agostini/Documents/pessoal/tcc-connect-server/node_modules/mongodb/src/utils.ts:1096:28)
    at fromString (/Users/giuseppe.agostini/Documents/pessoal/tcc-connect-server/node_modules/mongodb/src/utils.ts:1145:12)
    at Array.map (<anonymous>)
    at parseOptions (/Users/giuseppe.agostini/Documents/pessoal/tcc-connect-server/node_modules/mongodb/src/connection_string.ts:257:43)
    at new MongoClient (/Users/giuseppe.agostini/Documents/pessoal/tcc-connect-server/node_modules/mongodb/src/mongo_client.ts:356:34)
    at /Users/giuseppe.agostini/Documents/pessoal/tcc-connect-server/node_modules/mongoose/lib/connection.js:802:16
    at new Promise (<anonymous>)
    at NativeConnection.Connection.openUri (/Users/giuseppe.agostini/Documents/pessoal/tcc-connect-server/node_modules/mongoose/lib/connection.js:799:19)
    at /Users/giuseppe.agostini/Documents/pessoal/tcc-connect-server/node_modules/mongoose/lib/index.js:414:10
    at /Users/giuseppe.agostini/Documents/pessoal/tcc-connect-server/node_modules/mongoose/lib/helpers/promiseOrCallback.js:41:5
2023-08-15 16:19:40 error: uncaughtException: Unable to parse undefined:undefined with URL
MongoRuntimeError: Unable to parse undefined:undefined with URL
    at new HostAddress (/Users/giuseppe.agostini/Documents/pessoal/tcc-connect-server/node_modules/mongodb/src/utils.ts:1096:28)
    at fromString (/Users/giuseppe.agostini/Documents/pessoal/tcc-connect-server/node_modules/mongodb/src/utils.ts:1145:12)
    at Array.map (<anonymous>)
    at parseOptions (/Users/giuseppe.agostini/Documents/pessoal/tcc-connect-server/node_modules/mongodb/src/connection_string.ts:257:43)
    at new MongoClient (/Users/giuseppe.agostini/Documents/pessoal/tcc-connect-server/node_modules/mongodb/src/mongo_client.ts:356:34)
    at /Users/giuseppe.agostini/Documents/pessoal/tcc-connect-server/node_modules/mongoose/lib/connection.js:802:16
    at new Promise (<anonymous>)
    at NativeConnection.Connection.openUri (/Users/giuseppe.agostini/Documents/pessoal/tcc-connect-server/node_modules/mongoose/lib/connection.js:799:19)
    at /Users/giuseppe.agostini/Documents/pessoal/tcc-connect-server/node_modules/mongoose/lib/index.js:414:10
    at /Users/giuseppe.agostini/Documents/pessoal/tcc-connect-server/node_modules/mongoose/lib/helpers/promiseOrCallback.js:41:5
2023-08-15 16:19:45 error: uncaughtException: Unable to parse undefined:undefined with URL
MongoRuntimeError: Unable to parse undefined:undefined with URL
    at new HostAddress (/Users/giuseppe.agostini/Documents/pessoal/tcc-connect-server/node_modules/mongodb/src/utils.ts:1096:28)
    at fromString (/Users/giuseppe.agostini/Documents/pessoal/tcc-connect-server/node_modules/mongodb/src/utils.ts:1145:12)
    at Array.map (<anonymous>)
    at parseOptions (/Users/giuseppe.agostini/Documents/pessoal/tcc-connect-server/node_modules/mongodb/src/connection_string.ts:257:43)
    at new MongoClient (/Users/giuseppe.agostini/Documents/pessoal/tcc-connect-server/node_modules/mongodb/src/mongo_client.ts:356:34)
    at /Users/giuseppe.agostini/Documents/pessoal/tcc-connect-server/node_modules/mongoose/lib/connection.js:802:16
    at new Promise (<anonymous>)
    at NativeConnection.Connection.openUri (/Users/giuseppe.agostini/Documents/pessoal/tcc-connect-server/node_modules/mongoose/lib/connection.js:799:19)
    at /Users/giuseppe.agostini/Documents/pessoal/tcc-connect-server/node_modules/mongoose/lib/index.js:414:10
    at /Users/giuseppe.agostini/Documents/pessoal/tcc-connect-server/node_modules/mongoose/lib/helpers/promiseOrCallback.js:41:5
2023-08-15 16:20:35 error: uncaughtException: Unable to parse undefined:undefined with URL
MongoRuntimeError: Unable to parse undefined:undefined with URL
    at new HostAddress (/Users/giuseppe.agostini/Documents/pessoal/tcc-connect-server/node_modules/mongodb/src/utils.ts:1096:28)
    at fromString (/Users/giuseppe.agostini/Documents/pessoal/tcc-connect-server/node_modules/mongodb/src/utils.ts:1145:12)
    at Array.map (<anonymous>)
    at parseOptions (/Users/giuseppe.agostini/Documents/pessoal/tcc-connect-server/node_modules/mongodb/src/connection_string.ts:257:43)
    at new MongoClient (/Users/giuseppe.agostini/Documents/pessoal/tcc-connect-server/node_modules/mongodb/src/mongo_client.ts:356:34)
    at /Users/giuseppe.agostini/Documents/pessoal/tcc-connect-server/node_modules/mongoose/lib/connection.js:802:16
    at new Promise (<anonymous>)
    at NativeConnection.Connection.openUri (/Users/giuseppe.agostini/Documents/pessoal/tcc-connect-server/node_modules/mongoose/lib/connection.js:799:19)
    at /Users/giuseppe.agostini/Documents/pessoal/tcc-connect-server/node_modules/mongoose/lib/index.js:414:10
    at /Users/giuseppe.agostini/Documents/pessoal/tcc-connect-server/node_modules/mongoose/lib/helpers/promiseOrCallback.js:41:5
2023-08-15 16:21:23 error: uncaughtException: Unable to parse undefined:undefined with URL
MongoRuntimeError: Unable to parse undefined:undefined with URL
    at new HostAddress (/Users/giuseppe.agostini/Documents/pessoal/tcc-connect-server/node_modules/mongodb/src/utils.ts:1096:28)
    at fromString (/Users/giuseppe.agostini/Documents/pessoal/tcc-connect-server/node_modules/mongodb/src/utils.ts:1145:12)
    at Array.map (<anonymous>)
    at parseOptions (/Users/giuseppe.agostini/Documents/pessoal/tcc-connect-server/node_modules/mongodb/src/connection_string.ts:257:43)
    at new MongoClient (/Users/giuseppe.agostini/Documents/pessoal/tcc-connect-server/node_modules/mongodb/src/mongo_client.ts:356:34)
    at /Users/giuseppe.agostini/Documents/pessoal/tcc-connect-server/node_modules/mongoose/lib/connection.js:802:16
    at new Promise (<anonymous>)
    at NativeConnection.Connection.openUri (/Users/giuseppe.agostini/Documents/pessoal/tcc-connect-server/node_modules/mongoose/lib/connection.js:799:19)
    at /Users/giuseppe.agostini/Documents/pessoal/tcc-connect-server/node_modules/mongoose/lib/index.js:414:10
    at /Users/giuseppe.agostini/Documents/pessoal/tcc-connect-server/node_modules/mongoose/lib/helpers/promiseOrCallback.js:41:5
2023-08-15 16:23:28 error: uncaughtException: Could not connect to any servers in your MongoDB Atlas cluster. One common reason is that you're trying to access the database from an IP that isn't whitelisted. Make sure your current IP address is on your Atlas cluster's IP whitelist: https://www.mongodb.com/docs/atlas/security-whitelist/
MongooseServerSelectionError: Could not connect to any servers in your MongoDB Atlas cluster. One common reason is that you're trying to access the database from an IP that isn't whitelisted. Make sure your current IP address is on your Atlas cluster's IP whitelist: https://www.mongodb.com/docs/atlas/security-whitelist/
    at NativeConnection.Connection.openUri (/Users/giuseppe.agostini/Documents/pessoal/tcc-connect-server/node_modules/mongoose/lib/connection.js:825:32)
    at /Users/giuseppe.agostini/Documents/pessoal/tcc-connect-server/node_modules/mongoose/lib/index.js:414:10
    at /Users/giuseppe.agostini/Documents/pessoal/tcc-connect-server/node_modules/mongoose/lib/helpers/promiseOrCallback.js:41:5
    at new Promise (<anonymous>)
    at promiseOrCallback (/Users/giuseppe.agostini/Documents/pessoal/tcc-connect-server/node_modules/mongoose/lib/helpers/promiseOrCallback.js:40:10)
    at Mongoose._promiseOrCallback (/Users/giuseppe.agostini/Documents/pessoal/tcc-connect-server/node_modules/mongoose/lib/index.js:1288:10)
    at Mongoose.connect (/Users/giuseppe.agostini/Documents/pessoal/tcc-connect-server/node_modules/mongoose/lib/index.js:413:20)
    at App.connectToDatabase (/Users/giuseppe.agostini/Documents/pessoal/tcc-connect-server/src/app.ts:51:12)
    at new App (/Users/giuseppe.agostini/Documents/pessoal/tcc-connect-server/src/app.ts:26:10)
    at Object.<anonymous> (/Users/giuseppe.agostini/Documents/pessoal/tcc-connect-server/src/server.ts:9:13)
